<?xml version="1.0" encoding="UTF-8"?>
<testng-results skipped="0" failed="0" total="1" passed="1">
  <reporter-output>
  </reporter-output>
  <suite name="Default suite" duration-ms="270" started-at="2019-08-27T09:34:14Z" finished-at="2019-08-27T09:34:14Z">
    <groups>
    </groups>
    <test name="Default test" duration-ms="270" started-at="2019-08-27T09:34:14Z" finished-at="2019-08-27T09:34:14Z">
      <class name="Demo4">
        <test-method status="PASS" signature="test1()[pri:0, instance:Demo4@b97c004]" name="test1" duration-ms="215" started-at="2019-08-27T15:04:14Z" finished-at="2019-08-27T15:04:14Z">
          <reporter-output>
          </reporter-output>
        </test-method> <!-- test1 -->
      </class> <!-- Demo4 -->
    </test> <!-- Default test -->
  </suite> <!-- Default suite -->
</testng-results>
